<?xml version="1.0" encoding="UTF-8"?>
<testng-results ignored="3" total="24" passed="21" failed="0" skipped="0">
  <reporter-output>
  </reporter-output>
  <suite started-at="2023-05-02T19:51:02Z" name="BookingSuite" finished-at="2023-05-02T19:51:02Z" duration-ms="523">
    <groups>
    </groups>
    <test started-at="2023-05-02T19:51:02Z" name="Create Booking Test- Applying Discount - pay@hotel" finished-at="2023-05-02T19:51:02Z" duration-ms="156">
      <class name="testcases.CustomerCommunication">
        <test-method signature="checkEmailVerification(org.testng.ITestContext)[pri:0, instance:testcases.CustomerCommunication@5717c37]" started-at="2023-05-02T19:51:02Z" name="checkEmailVerification" finished-at="2023-05-02T19:51:02Z" duration-ms="10" status="PASS">
          <params>
            <param index="0">
              <value>
                <![CDATA[org.testng.TestRunner@5bf0fe62]]>
              </value>
            </param>
          </params>
          <reporter-output>
          </reporter-output>
        </test-method> <!-- checkEmailVerification -->
        <test-method signature="checkMobileVerification(org.testng.ITestContext)[pri:0, instance:testcases.CustomerCommunication@5717c37]" started-at="2023-05-02T19:51:02Z" name="checkMobileVerification" finished-at="2023-05-02T19:51:02Z" duration-ms="3" status="PASS">
          <params>
            <param index="0">
              <value>
                <![CDATA[org.testng.TestRunner@5bf0fe62]]>
              </value>
            </param>
          </params>
          <reporter-output>
          </reporter-output>
        </test-method> <!-- checkMobileVerification -->
      </class> <!-- testcases.CustomerCommunication -->
      <class name="testcases.PaymentManager">
        <test-method signature="applyDiscount()[pri:0, instance:testcases.PaymentManager@3406472c]" started-at="2023-05-02T19:51:02Z" name="applyDiscount" finished-at="2023-05-02T19:51:02Z" duration-ms="6" status="PASS">
          <reporter-output>
          </reporter-output>
        </test-method> <!-- applyDiscount -->
        <test-method signature="makePayment(java.lang.String, org.testng.ITestContext)[pri:0, instance:testcases.PaymentManager@3406472c]" started-at="2023-05-02T19:51:02Z" name="makePayment" finished-at="2023-05-02T19:51:02Z" duration-ms="9" status="PASS">
          <params>
            <param index="0">
              <value>
                <![CDATA[pay@hotel]]>
              </value>
            </param>
            <param index="1">
              <value>
                <![CDATA[org.testng.TestRunner@5bf0fe62]]>
              </value>
            </param>
          </params>
          <reporter-output>
          </reporter-output>
        </test-method> <!-- makePayment -->
      </class> <!-- testcases.PaymentManager -->
      <class name="testcases.BookingSearch">
        <test-method signature="searchHotel()[pri:0, instance:testcases.BookingSearch@7357a011]" started-at="2023-05-02T19:51:02Z" name="searchHotel" finished-at="2023-05-02T19:51:02Z" duration-ms="18" status="PASS">
          <reporter-output>
          </reporter-output>
        </test-method> <!-- searchHotel -->
        <test-method signature="selectHotel()[pri:0, instance:testcases.BookingSearch@7357a011]" started-at="2023-05-02T19:51:02Z" name="selectHotel" finished-at="2023-05-02T19:51:02Z" duration-ms="3" status="PASS">
          <reporter-output>
          </reporter-output>
        </test-method> <!-- selectHotel -->
        <test-method signature="enterGuestInformation()[pri:0, instance:testcases.BookingSearch@7357a011]" started-at="2023-05-02T19:51:02Z" name="enterGuestInformation" finished-at="2023-05-02T19:51:02Z" duration-ms="2" status="PASS">
          <reporter-output>
          </reporter-output>
        </test-method> <!-- enterGuestInformation -->
      </class> <!-- testcases.BookingSearch -->
    </test> <!-- Create Booking Test- Applying Discount - pay@hotel -->
    <test started-at="2023-05-02T19:51:02Z" name="Create Booking Test- Applying Discount - electronicPayment " finished-at="2023-05-02T19:51:02Z" duration-ms="46">
      <class name="testcases.CustomerCommunication">
        <test-method signature="checkEmailVerification(org.testng.ITestContext)[pri:0, instance:testcases.CustomerCommunication@176b75f7]" started-at="2023-05-02T19:51:02Z" name="checkEmailVerification" finished-at="2023-05-02T19:51:02Z" duration-ms="2" status="PASS">
          <params>
            <param index="0">
              <value>
                <![CDATA[org.testng.TestRunner@460ebd80]]>
              </value>
            </param>
          </params>
          <reporter-output>
          </reporter-output>
        </test-method> <!-- checkEmailVerification -->
        <test-method signature="checkMobileVerification(org.testng.ITestContext)[pri:0, instance:testcases.CustomerCommunication@176b75f7]" started-at="2023-05-02T19:51:02Z" name="checkMobileVerification" finished-at="2023-05-02T19:51:02Z" duration-ms="1" status="PASS">
          <params>
            <param index="0">
              <value>
                <![CDATA[org.testng.TestRunner@460ebd80]]>
              </value>
            </param>
          </params>
          <reporter-output>
          </reporter-output>
        </test-method> <!-- checkMobileVerification -->
      </class> <!-- testcases.CustomerCommunication -->
      <class name="testcases.PaymentManager">
        <test-method signature="applyDiscount()[pri:0, instance:testcases.PaymentManager@6c0d7c83]" started-at="2023-05-02T19:51:02Z" name="applyDiscount" finished-at="2023-05-02T19:51:02Z" duration-ms="3" status="PASS">
          <reporter-output>
          </reporter-output>
        </test-method> <!-- applyDiscount -->
        <test-method signature="makePayment(java.lang.String, org.testng.ITestContext)[pri:0, instance:testcases.PaymentManager@6c0d7c83]" started-at="2023-05-02T19:51:02Z" name="makePayment" finished-at="2023-05-02T19:51:02Z" duration-ms="4" status="PASS">
          <params>
            <param index="0">
              <value>
                <![CDATA[electronicPayment]]>
              </value>
            </param>
            <param index="1">
              <value>
                <![CDATA[org.testng.TestRunner@460ebd80]]>
              </value>
            </param>
          </params>
          <reporter-output>
          </reporter-output>
        </test-method> <!-- makePayment -->
      </class> <!-- testcases.PaymentManager -->
      <class name="testcases.BookingSearch">
        <test-method signature="searchHotel()[pri:0, instance:testcases.BookingSearch@14f9390f]" started-at="2023-05-02T19:51:02Z" name="searchHotel" finished-at="2023-05-02T19:51:02Z" duration-ms="4" status="PASS">
          <reporter-output>
          </reporter-output>
        </test-method> <!-- searchHotel -->
        <test-method signature="selectHotel()[pri:0, instance:testcases.BookingSearch@14f9390f]" started-at="2023-05-02T19:51:02Z" name="selectHotel" finished-at="2023-05-02T19:51:02Z" duration-ms="3" status="PASS">
          <reporter-output>
          </reporter-output>
        </test-method> <!-- selectHotel -->
        <test-method signature="enterGuestInformation()[pri:0, instance:testcases.BookingSearch@14f9390f]" started-at="2023-05-02T19:51:02Z" name="enterGuestInformation" finished-at="2023-05-02T19:51:02Z" duration-ms="1" status="PASS">
          <reporter-output>
          </reporter-output>
        </test-method> <!-- enterGuestInformation -->
      </class> <!-- testcases.BookingSearch -->
    </test> <!-- Create Booking Test- Applying Discount - electronicPayment  -->
    <test started-at="2023-05-02T19:51:02Z" name="modifying Booking Test- Applying Discount - pay@hotel" finished-at="2023-05-02T19:51:02Z" duration-ms="73">
      <class name="testcases.CustomerCommunication">
        <test-method signature="checkEmailVerification(org.testng.ITestContext)[pri:0, instance:testcases.CustomerCommunication@3eb77ea8]" started-at="2023-05-02T19:51:02Z" name="checkEmailVerification" finished-at="2023-05-02T19:51:02Z" duration-ms="5" status="PASS">
          <params>
            <param index="0">
              <value>
                <![CDATA[org.testng.TestRunner@6a55299e]]>
              </value>
            </param>
          </params>
          <reporter-output>
          </reporter-output>
        </test-method> <!-- checkEmailVerification -->
        <test-method signature="checkMobileVerification(org.testng.ITestContext)[pri:0, instance:testcases.CustomerCommunication@3eb77ea8]" started-at="2023-05-02T19:51:02Z" name="checkMobileVerification" finished-at="2023-05-02T19:51:02Z" duration-ms="1" status="PASS">
          <params>
            <param index="0">
              <value>
                <![CDATA[org.testng.TestRunner@6a55299e]]>
              </value>
            </param>
          </params>
          <reporter-output>
          </reporter-output>
        </test-method> <!-- checkMobileVerification -->
      </class> <!-- testcases.CustomerCommunication -->
      <class name="testcases.PaymentManager">
        <test-method signature="applyDiscount()[pri:0, instance:testcases.PaymentManager@7d286fb6]" started-at="2023-05-02T19:51:02Z" name="applyDiscount" finished-at="2023-05-02T19:51:02Z" duration-ms="3" status="PASS">
          <reporter-output>
          </reporter-output>
        </test-method> <!-- applyDiscount -->
        <test-method signature="makePayment(java.lang.String, org.testng.ITestContext)[pri:0, instance:testcases.PaymentManager@7d286fb6]" started-at="2023-05-02T19:51:02Z" name="makePayment" finished-at="2023-05-02T19:51:02Z" duration-ms="12" status="PASS">
          <params>
            <param index="0">
              <value>
                <![CDATA[pay@hotel]]>
              </value>
            </param>
            <param index="1">
              <value>
                <![CDATA[org.testng.TestRunner@6a55299e]]>
              </value>
            </param>
          </params>
          <reporter-output>
          </reporter-output>
        </test-method> <!-- makePayment -->
      </class> <!-- testcases.PaymentManager -->
      <class name="testcases.BookingSearch">
        <test-method signature="loadBooking()[pri:0, instance:testcases.BookingSearch@48793bef]" started-at="2023-05-02T19:51:02Z" name="loadBooking" finished-at="2023-05-02T19:51:02Z" duration-ms="1" status="PASS">
          <reporter-output>
          </reporter-output>
        </test-method> <!-- loadBooking -->
        <test-method signature="selectHotel()[pri:0, instance:testcases.BookingSearch@48793bef]" started-at="2023-05-02T19:51:02Z" name="selectHotel" finished-at="2023-05-02T19:51:02Z" duration-ms="3" status="PASS">
          <reporter-output>
          </reporter-output>
        </test-method> <!-- selectHotel -->
        <test-method signature="enterGuestInformation()[pri:0, instance:testcases.BookingSearch@48793bef]" started-at="2023-05-02T19:51:02Z" name="enterGuestInformation" finished-at="2023-05-02T19:51:02Z" duration-ms="4" status="PASS">
          <reporter-output>
          </reporter-output>
        </test-method> <!-- enterGuestInformation -->
      </class> <!-- testcases.BookingSearch -->
    </test> <!-- modifying Booking Test- Applying Discount - pay@hotel -->
  </suite> <!-- BookingSuite -->
</testng-results>
