<?xml version="1.0" encoding="UTF-8"?>
<!-- Generated by org.testng.reporters.JUnitXMLReporter -->
<testsuite ignored="0" hostname="DESKTOP-RSP3RN4" failures="0" tests="8" name="Test" time="0.113" errors="0" timestamp="02 May 2023 18:59:05 GMT">
  <testcase classname="testcases.BookingSearch" name="enterGuestInformation" time="0.021"/>
  <testcase classname="testcases.BookingSearch" name="loadBooking" time="0.002"/>
  <testcase classname="testcases.BookingSearch" name="searchHotel" time="0.002"/>
  <testcase classname="testcases.BookingSearch" name="selectHotel" time="0.002"/>
  <testcase classname="testcases.PaymentManager" name="applyDiscount" time="0.002"/>
  <testcase classname="testcases.PaymentManager" name="makePayment" time="0.002"/>
  <testcase classname="testcases.CustomerCommunication" name="checkEmailVerification" time="0.002"/>
  <testcase classname="testcases.CustomerCommunication" name="checkMobileVerification" time="0.003"/>
</testsuite> <!-- Test -->
