<?xml version="1.0" encoding="UTF-8"?>
<!-- Generated by org.testng.reporters.JUnitXMLReporter -->
<testsuite ignored="1" hostname="DESKTOP-RSP3RN4" failures="0" tests="7" name="modifying Booking Test- Applying Discount - pay@hotel" time="0.073" errors="0" timestamp="02 May 2023 19:51:02 GMT">
  <testcase classname="testcases.BookingSearch" name="loadBooking" time="0.001"/>
  <testcase classname="testcases.BookingSearch" name="selectHotel" time="0.003"/>
  <testcase classname="testcases.BookingSearch" name="enterGuestInformation" time="0.004"/>
  <testcase classname="testcases.PaymentManager" name="applyDiscount" time="0.003"/>
  <testcase classname="testcases.PaymentManager" name="makePayment" time="0.012"/>
  <testcase classname="testcases.CustomerCommunication" name="checkEmailVerification" time="0.005"/>
  <testcase classname="testcases.CustomerCommunication" name="checkMobileVerification" time="0.001"/>
  <testcase classname="testcases.BookingSearch" name="searchHotel" time="0.0">
    <ignored/>
  </testcase> <!-- searchHotel -->
</testsuite> <!-- modifying Booking Test- Applying Discount - pay@hotel -->
